<?xml version="1.0" encoding="UTF-8"?>
<testng-results skipped="0" failed="0" ignored="0" total="3" passed="3">
  <reporter-output>
  </reporter-output>
  <suite name="Default suite" duration-ms="31248" started-at="2021-07-28T00:36:28 IST" finished-at="2021-07-28T00:37:00 IST">
    <groups>
    </groups>
    <test name="Default test" duration-ms="31248" started-at="2021-07-28T00:36:28 IST" finished-at="2021-07-28T00:37:00 IST">
      <class name="democodes.Login_page_Testcase">
        <test-method status="PASS" signature="setup()[pri:0, instance:democodes.Login_page_Testcase@6acdbdf5]" name="setup" is-config="true" duration-ms="10367" started-at="2021-07-28T00:36:28 IST" finished-at="2021-07-28T00:36:39 IST">
          <reporter-output>
          </reporter-output>
        </test-method> <!-- setup -->
        <test-method status="PASS" signature="Verify_login()[pri:1, instance:democodes.Login_page_Testcase@6acdbdf5]" name="Verify_login" duration-ms="3117" started-at="2021-07-28T00:36:39 IST" finished-at="2021-07-28T00:36:42 IST">
          <reporter-output>
          </reporter-output>
        </test-method> <!-- Verify_login -->
        <test-method status="PASS" signature="tearDown()[pri:0, instance:democodes.Login_page_Testcase@6acdbdf5]" name="tearDown" is-config="true" duration-ms="819" started-at="2021-07-28T00:36:42 IST" finished-at="2021-07-28T00:36:43 IST">
          <reporter-output>
          </reporter-output>
        </test-method> <!-- tearDown -->
        <test-method status="PASS" signature="setup()[pri:0, instance:democodes.Login_page_Testcase@6acdbdf5]" name="setup" is-config="true" duration-ms="6651" started-at="2021-07-28T00:36:43 IST" finished-at="2021-07-28T00:36:49 IST">
          <reporter-output>
          </reporter-output>
        </test-method> <!-- setup -->
        <test-method status="PASS" signature="verify_Title()[pri:2, instance:democodes.Login_page_Testcase@6acdbdf5]" name="verify_Title" duration-ms="16" started-at="2021-07-28T00:36:49 IST" finished-at="2021-07-28T00:36:49 IST">
          <reporter-output>
          </reporter-output>
        </test-method> <!-- verify_Title -->
        <test-method status="PASS" signature="tearDown()[pri:0, instance:democodes.Login_page_Testcase@6acdbdf5]" name="tearDown" is-config="true" duration-ms="1222" started-at="2021-07-28T00:36:49 IST" finished-at="2021-07-28T00:36:51 IST">
          <reporter-output>
          </reporter-output>
        </test-method> <!-- tearDown -->
        <test-method status="PASS" signature="setup()[pri:0, instance:democodes.Login_page_Testcase@6acdbdf5]" name="setup" is-config="true" duration-ms="6798" started-at="2021-07-28T00:36:51 IST" finished-at="2021-07-28T00:36:57 IST">
          <reporter-output>
          </reporter-output>
        </test-method> <!-- setup -->
        <test-method status="PASS" signature="verify_forgetpassword_link()[pri:3, instance:democodes.Login_page_Testcase@6acdbdf5]" name="verify_forgetpassword_link" duration-ms="992" started-at="2021-07-28T00:36:57 IST" finished-at="2021-07-28T00:36:58 IST">
          <reporter-output>
          </reporter-output>
        </test-method> <!-- verify_forgetpassword_link -->
        <test-method status="PASS" signature="tearDown()[pri:0, instance:democodes.Login_page_Testcase@6acdbdf5]" name="tearDown" is-config="true" duration-ms="1207" started-at="2021-07-28T00:36:58 IST" finished-at="2021-07-28T00:37:00 IST">
          <reporter-output>
          </reporter-output>
        </test-method> <!-- tearDown -->
      </class> <!-- democodes.Login_page_Testcase -->
    </test> <!-- Default test -->
  </suite> <!-- Default suite -->
</testng-results>
