<?xml version="1.0" encoding="UTF-8"?>
<testng-results skipped="0" failed="0" ignored="0" total="5" passed="5">
  <reporter-output>
  </reporter-output>
  <suite name="Default suite" duration-ms="74285" started-at="2021-08-02T22:45:03 IST" finished-at="2021-08-02T22:46:18 IST">
    <groups>
    </groups>
    <test name="Default test" duration-ms="74285" started-at="2021-08-02T22:45:03 IST" finished-at="2021-08-02T22:46:18 IST">
      <class name="democodes.Forgetpasswordpage_Test">
        <test-method status="PASS" signature="initextentreport()[pri:0, instance:democodes.Forgetpasswordpage_Test@51e2adc7]" name="initextentreport" is-config="true" duration-ms="357" started-at="2021-08-02T22:45:03 IST" finished-at="2021-08-02T22:45:04 IST">
          <reporter-output>
          </reporter-output>
        </test-method> <!-- initextentreport -->
        <test-method status="PASS" signature="setup()[pri:0, instance:democodes.Forgetpasswordpage_Test@51e2adc7]" name="setup" is-config="true" duration-ms="12408" started-at="2021-08-02T22:45:04 IST" finished-at="2021-08-02T22:45:16 IST">
          <reporter-output>
          </reporter-output>
        </test-method> <!-- setup -->
        <test-method status="PASS" signature="verify_Forgetpassword_Test()[pri:1, instance:democodes.Forgetpasswordpage_Test@51e2adc7]" name="verify_Forgetpassword_Test" duration-ms="2607" started-at="2021-08-02T22:45:16 IST" finished-at="2021-08-02T22:45:19 IST">
          <reporter-output>
          </reporter-output>
        </test-method> <!-- verify_Forgetpassword_Test -->
        <test-method status="PASS" signature="tearDown()[pri:0, instance:democodes.Forgetpasswordpage_Test@51e2adc7]" name="tearDown" is-config="true" duration-ms="684" started-at="2021-08-02T22:45:19 IST" finished-at="2021-08-02T22:45:20 IST">
          <reporter-output>
          </reporter-output>
        </test-method> <!-- tearDown -->
        <test-method status="PASS" signature="setup()[pri:0, instance:democodes.Forgetpasswordpage_Test@51e2adc7]" name="setup" is-config="true" duration-ms="12153" started-at="2021-08-02T22:45:20 IST" finished-at="2021-08-02T22:45:32 IST">
          <reporter-output>
          </reporter-output>
        </test-method> <!-- setup -->
        <test-method status="PASS" signature="verify_cancel()[pri:2, instance:democodes.Forgetpasswordpage_Test@51e2adc7]" name="verify_cancel" duration-ms="2826" started-at="2021-08-02T22:45:32 IST" finished-at="2021-08-02T22:45:35 IST">
          <reporter-output>
          </reporter-output>
        </test-method> <!-- verify_cancel -->
        <test-method status="PASS" signature="tearDown()[pri:0, instance:democodes.Forgetpasswordpage_Test@51e2adc7]" name="tearDown" is-config="true" duration-ms="638" started-at="2021-08-02T22:45:35 IST" finished-at="2021-08-02T22:45:35 IST">
          <reporter-output>
          </reporter-output>
        </test-method> <!-- tearDown -->
        <test-method status="PASS" signature="flushextent()[pri:0, instance:democodes.Forgetpasswordpage_Test@51e2adc7]" name="flushextent" is-config="true" duration-ms="532" started-at="2021-08-02T22:46:17 IST" finished-at="2021-08-02T22:46:18 IST">
          <reporter-output>
          </reporter-output>
        </test-method> <!-- flushextent -->
      </class> <!-- democodes.Forgetpasswordpage_Test -->
      <class name="democodes.Login_page_Testcase">
        <test-method status="PASS" signature="initextentreport()[pri:0, instance:democodes.Login_page_Testcase@3d921e20]" name="initextentreport" is-config="true" duration-ms="1" started-at="2021-08-02T22:45:04 IST" finished-at="2021-08-02T22:45:04 IST">
          <reporter-output>
          </reporter-output>
        </test-method> <!-- initextentreport -->
        <test-method status="PASS" signature="setup()[pri:0, instance:democodes.Login_page_Testcase@3d921e20]" name="setup" is-config="true" duration-ms="8845" started-at="2021-08-02T22:45:35 IST" finished-at="2021-08-02T22:45:44 IST">
          <reporter-output>
          </reporter-output>
        </test-method> <!-- setup -->
        <test-method status="PASS" signature="Verify_login()[pri:1, instance:democodes.Login_page_Testcase@3d921e20]" name="Verify_login" duration-ms="8625" started-at="2021-08-02T22:45:44 IST" finished-at="2021-08-02T22:45:53 IST">
          <reporter-output>
          </reporter-output>
        </test-method> <!-- Verify_login -->
        <test-method status="PASS" signature="tearDown()[pri:0, instance:democodes.Login_page_Testcase@3d921e20]" name="tearDown" is-config="true" duration-ms="636" started-at="2021-08-02T22:45:53 IST" finished-at="2021-08-02T22:45:53 IST">
          <reporter-output>
          </reporter-output>
        </test-method> <!-- tearDown -->
        <test-method status="PASS" signature="setup()[pri:0, instance:democodes.Login_page_Testcase@3d921e20]" name="setup" is-config="true" duration-ms="14163" started-at="2021-08-02T22:45:53 IST" finished-at="2021-08-02T22:46:07 IST">
          <reporter-output>
          </reporter-output>
        </test-method> <!-- setup -->
        <test-method status="PASS" signature="verify_Title()[pri:2, instance:democodes.Login_page_Testcase@3d921e20]" name="verify_Title" duration-ms="14" started-at="2021-08-02T22:46:07 IST" finished-at="2021-08-02T22:46:08 IST">
          <reporter-output>
          </reporter-output>
        </test-method> <!-- verify_Title -->
        <test-method status="PASS" signature="tearDown()[pri:0, instance:democodes.Login_page_Testcase@3d921e20]" name="tearDown" is-config="true" duration-ms="689" started-at="2021-08-02T22:46:08 IST" finished-at="2021-08-02T22:46:08 IST">
          <reporter-output>
          </reporter-output>
        </test-method> <!-- tearDown -->
        <test-method status="PASS" signature="setup()[pri:0, instance:democodes.Login_page_Testcase@3d921e20]" name="setup" is-config="true" duration-ms="7165" started-at="2021-08-02T22:46:08 IST" finished-at="2021-08-02T22:46:15 IST">
          <reporter-output>
          </reporter-output>
        </test-method> <!-- setup -->
        <test-method status="PASS" signature="verify_forgetpassword_link()[pri:3, instance:democodes.Login_page_Testcase@3d921e20]" name="verify_forgetpassword_link" duration-ms="1187" started-at="2021-08-02T22:46:15 IST" finished-at="2021-08-02T22:46:17 IST">
          <reporter-output>
          </reporter-output>
        </test-method> <!-- verify_forgetpassword_link -->
        <test-method status="PASS" signature="tearDown()[pri:0, instance:democodes.Login_page_Testcase@3d921e20]" name="tearDown" is-config="true" duration-ms="646" started-at="2021-08-02T22:46:17 IST" finished-at="2021-08-02T22:46:17 IST">
          <reporter-output>
          </reporter-output>
        </test-method> <!-- tearDown -->
        <test-method status="PASS" signature="flushextent()[pri:0, instance:democodes.Login_page_Testcase@3d921e20]" name="flushextent" is-config="true" duration-ms="19" started-at="2021-08-02T22:46:18 IST" finished-at="2021-08-02T22:46:18 IST">
          <reporter-output>
          </reporter-output>
        </test-method> <!-- flushextent -->
      </class> <!-- democodes.Login_page_Testcase -->
    </test> <!-- Default test -->
  </suite> <!-- Default suite -->
</testng-results>
