<?xml version="1.0" encoding="UTF-8"?>
<!-- Generated by org.testng.reporters.JUnitXMLReporter -->
<testsuite hostname="LAPTOP-9VARVRGA" ignored="0" name="Default test" tests="3" failures="0" timestamp="2021-07-28T00:37:00 IST" time="31.248" errors="0">
  <testcase name="Verify_login" time="3.117" classname="democodes.Login_page_Testcase"/>
  <testcase name="verify_Title" time="0.016" classname="democodes.Login_page_Testcase"/>
  <testcase name="verify_forgetpassword_link" time="0.992" classname="democodes.Login_page_Testcase"/>
</testsuite> <!-- Default test -->
