<?xml version="1.0" encoding="UTF-8"?>
<!-- Generated by org.testng.reporters.JUnitXMLReporter -->
<testsuite hostname="LAPTOP-9VARVRGA" ignored="0" name="Default test" tests="5" failures="0" timestamp="2021-08-02T22:46:18 IST" time="74.285" errors="0">
  <testcase name="verify_Forgetpassword_Test" time="2.607" classname="democodes.Forgetpasswordpage_Test"/>
  <testcase name="verify_cancel" time="2.826" classname="democodes.Forgetpasswordpage_Test"/>
  <testcase name="Verify_login" time="8.625" classname="democodes.Login_page_Testcase"/>
  <testcase name="verify_Title" time="0.014" classname="democodes.Login_page_Testcase"/>
  <testcase name="verify_forgetpassword_link" time="1.187" classname="democodes.Login_page_Testcase"/>
</testsuite> <!-- Default test -->
