<?xml version="1.0" encoding="UTF-8"?>
<!-- Generated by org.testng.reporters.JUnitXMLReporter -->
<testsuite hostname="LAPTOP-9VARVRGA" ignored="0" name="Command line test" tests="2" failures="0" timestamp="2021-07-31T23:42:17 IST" time="20.431" errors="0">
  <testcase name="verify_Forgetpassword_Test" time="2.196" classname="democodes.Forgetpasswordpage_Test"/>
  <testcase name="verify_cancel" time="1.753" classname="democodes.Forgetpasswordpage_Test"/>
</testsuite> <!-- Command line test -->
